2025-01-14 15:38:31	debug	alcogo/main.go:61	zaplog started
2025-01-14 15:38:36	debug	usecase/trueclient_config.go:66	usecase trueclient authorised
2025-01-14 15:38:36	info	repo/types.go:64	pkg:repo отсутствует БД А3 [драйвер sqlite]
2025-01-14 15:38:36	info	repo/types.go:81	pkg:repo отсутствует БД config драйвер sqlite
2025-01-14 15:38:36	info	repo/types.go:89	pkg:repo отсутствует БД 4z драйвер sqlite
2025-01-14 15:38:36	info	alcogo/main.go:125	http port 51877
2025-01-14 15:38:36	debug	webapp/startup.go:25	StartUp HTTP!
2025-01-14 15:38:36	debug	webapp/reductor.go:39	webapp ReductorUpdaterHttp [readyDOM:false]
2025-01-14 15:38:40	debug	webapp/reductor.go:39	webapp ReductorUpdaterHttp [readyDOM:true]
2025-01-14 15:38:47	debug	stats/route.go:64	stats file selected: C:\Users\office\Documents\test_search.csv
2025-01-14 15:38:50	debug	trueclient/pinger_suz.go:64	url:https://suz.sandbox.crptech.ru/api/v3/ping?omsId=32539e31-c671-4462-8443-3d92b038b0f9
2025-01-14 15:38:50	debug	trueclient/pinger_suz.go:81	ping Body:{"omsId":"32539e31-c671-4462-8443-3d92b038b0f9","omsVersion":"STABLE_RELEASE_4.46-efceecb","apiVersion":"3.0.15"}
2025-01-14 15:38:50	debug	usecase/trueclient_search.go:31	usecase trueclient authorised
2025-01-14 15:38:58	debug	usecase/trueclient_search.go:37	usecase len allCises 10 chunks 1
2025-01-14 15:38:58	debug	lite/insert_cis_search.go:66	cis_request delete 0 records
2025-01-14 15:38:58	debug	trueclient/cis_list.go:21	values:10 length url:450
2025-01-14 15:38:58	debug	usecase/trueclient_search.go:57	usecase CisRequest time since 900.0258ms
2025-01-14 15:38:58	debug	usecase/trueclient_search.go:63	usecase CisRequestAll 10
2025-01-14 15:38:58	debug	stats/route.go:84	stats file selected proccess error: 0
2025-01-14 15:42:34	debug	webapp/reductor.go:39	webapp ReductorUpdaterHttp [readyDOM:true]
2025-01-14 15:42:37	debug	webapp/reductor.go:39	webapp ReductorUpdaterHttp [readyDOM:true]
