2025-01-19 21:06:04	debug	alcogo/main.go:61	zaplog started
2025-01-19 21:06:04	info	alcogo/main.go:62	mode = development
2025-01-19 21:06:04	info	repo/types.go:63	pkg:repo –æ—Ç—Å—É—Ç—Å—Ç–≤—É–µ—Ç –ë–î –ê3 [–¥—Ä–∞–π–≤–µ—Ä sqlite]
2025-01-19 21:06:04	info	repo/types.go:88	pkg:repo –æ—Ç—Å—É—Ç—Å—Ç–≤—É–µ—Ç –ë–î 4z –¥—Ä–∞–π–≤–µ—Ä sqlite
2025-01-19 21:06:04	error	webapp/trueclient_start.go:107	webapp trueclient authorised errors 1
2025-01-19 21:06:04	error	alcogo/main.go:123	–æ—à–∏–±–æ–∫ trueclient 1 –ø–µ—Ä–≤–∞—è trueclient panic trueclient cmdsign.New cmdexec E:\branches\CSP_5_0r3t\branches\CSP_5_0r3t_0\CSP\samples\csptest\tmain.c:1541:CertFindCertificateInStore
Error 0x80092004: é°Í•™‚ ®´® ·¢Æ©·‚¢Æ ≠• ≠†©§•≠Æ. 
E:\branches\CSP_5_0r3t\branches\CSP_5_0r3t_0\CSP\samples\csptest\tmain.c:2137:read_cert_from_store
Error 0x80092004: é°Í•™‚ ®´® ·¢Æ©·‚¢Æ ≠• ≠†©§•≠Æ. 
E:\branches\CSP_5_0r3t\branches\CSP_5_0r3t_0\CSP\samples\csptest\signtsf.c:363:Cannot find User certificate: c7c176735cc65a3803bd6ac0691de951a452fa3c
Error 0x80092004: é°Í•™‚ ®´® ·¢Æ©·‚¢Æ ≠• ≠†©§•≠Æ. 
Total: SYS: 0,016 sec USR: 0,000 sec UTC: 0,011 sec
[ErrorCode: 0x00000001]
 Sign() exit status 1
2025-01-19 21:06:04	info	alcogo/main.go:133	http port 51882
2025-01-19 21:06:04	debug	webapp/startup.go:26	StartUp HTTP!
2025-01-19 21:06:04	debug	webapp/reductor.go:39	webapp ReductorUpdaterHttp [readyDOM:false]
2025-01-19 21:06:22	error	webapp/run.go:29	ping not present app shutdown!
2025-01-19 21:06:23	error	webapp/run.go:29	ping not present app shutdown!
2025-01-19 21:06:24	error	webapp/run.go:29	ping not present app shutdown!
2025-01-19 21:06:25	error	webapp/run.go:29	ping not present app shutdown!
2025-01-19 21:06:26	error	webapp/run.go:29	ping not present app shutdown!
2025-01-19 21:06:27	error	webapp/run.go:29	ping not present app shutdown!
2025-01-19 21:06:28	error	webapp/run.go:29	ping not present app shutdown!
2025-01-19 21:06:29	error	webapp/run.go:29	ping not present app shutdown!
2025-01-19 21:06:30	error	webapp/run.go:29	ping not present app shutdown!
2025-01-19 21:06:31	error	webapp/run.go:29	ping not present app shutdown!
